The system is: Linux - 5.15.0-1041-azure - x86_64
Compiling the C compiler identification source file "CMakeCCompilerId.c" succeeded.
Compiler: /emsdk/upstream/emscripten/emcc 
Build flags: 
Id flags:  

The output was:
0
cache:INFO: generating system asset: symbol_lists/164661c00f9afc00676c4a19f19cfa000890ad94.json... (this will be cached in "/emsdk/upstream/emscripten/cache/symbol_lists/164661c00f9afc00676c4a19f19cfa000890ad94.json" for subsequent builds)
cache:INFO:  - ok


Compilation of the C compiler identification source "CMakeCCompilerId.c" produced "a.out.js"

Compilation of the C compiler identification source "CMakeCCompilerId.c" produced "a.out.wasm"

The C compiler identification is Clang, found in "/__w/emsdk-test/emsdk-test/build/CMakeFiles/3.22.1/CompilerIdC/a.out.wasm"

Compiling the CXX compiler identification source file "CMakeCXXCompilerId.cpp" succeeded.
Compiler: /emsdk/upstream/emscripten/emcc 
Build flags: 
Id flags:  

The output was:
0


Compilation of the CXX compiler identification source "CMakeCXXCompilerId.cpp" produced "a.out.js"

Compilation of the CXX compiler identification source "CMakeCXXCompilerId.cpp" produced "a.out.wasm"

The CXX compiler identification is Clang, found in "/__w/emsdk-test/emsdk-test/build/CMakeFiles/3.22.1/CompilerIdCXX/a.out.wasm"

Detecting C compiler ABI info compiled with the following output:
Change Dir: /__w/emsdk-test/emsdk-test/build/CMakeFiles/CMakeTmp

Run Build Command(s):/usr/bin/gmake -f Makefile cmTC_a5ef6/fast && /usr/bin/gmake  -f CMakeFiles/cmTC_a5ef6.dir/build.make CMakeFiles/cmTC_a5ef6.dir/build
gmake[1]: Entering directory '/__w/emsdk-test/emsdk-test/build/CMakeFiles/CMakeTmp'
Building C object CMakeFiles/cmTC_a5ef6.dir/CMakeCCompilerABI.c.o
/emsdk/upstream/emscripten/emcc   -v -MD -MT CMakeFiles/cmTC_a5ef6.dir/CMakeCCompilerABI.c.o -MF CMakeFiles/cmTC_a5ef6.dir/CMakeCCompilerABI.c.o.d -o CMakeFiles/cmTC_a5ef6.dir/CMakeCCompilerABI.c.o -c /usr/share/cmake-3.22/Modules/CMakeCCompilerABI.c
 "/emsdk/upstream/bin/clang" --version
 "/emsdk/upstream/bin/clang" -target wasm32-unknown-emscripten -fignore-exceptions -fvisibility=default -mllvm -combiner-global-alias-analysis=false -mllvm -enable-emscripten-sjlj -mllvm -disable-lsr -DEMSCRIPTEN -Werror=implicit-function-declaration --sysroot=/emsdk/upstream/emscripten/cache/sysroot -Xclang -iwithsysroot/include/fakesdl -Xclang -iwithsysroot/include/compat -v -MD -MT CMakeFiles/cmTC_a5ef6.dir/CMakeCCompilerABI.c.o -MF CMakeFiles/cmTC_a5ef6.dir/CMakeCCompilerABI.c.o.d -c /usr/share/cmake-3.22/Modules/CMakeCCompilerABI.c -o CMakeFiles/cmTC_a5ef6.dir/CMakeCCompilerABI.c.o
clang version 17.0.0 (https://github.com/llvm/llvm-project f3b64887de61020c09404bfee97b2fadd30df10a)
Target: wasm32-unknown-emscripten
Thread model: posix
InstalledDir: /emsdk/upstream/bin
 (in-process)
 "/emsdk/upstream/bin/clang-17" -cc1 -triple wasm32-unknown-emscripten -emit-obj -mrelax-all -disable-free -clear-ast-before-backend -disable-llvm-verifier -discard-value-names -main-file-name CMakeCCompilerABI.c -mrelocation-model static -mframe-pointer=none -ffp-contract=on -fno-rounding-math -mconstructor-aliases -target-cpu generic -debugger-tuning=gdb -v -fcoverage-compilation-dir=/__w/emsdk-test/emsdk-test/build/CMakeFiles/CMakeTmp -resource-dir /emsdk/upstream/lib/clang/17 -dependency-file CMakeFiles/cmTC_a5ef6.dir/CMakeCCompilerABI.c.o.d -MT CMakeFiles/cmTC_a5ef6.dir/CMakeCCompilerABI.c.o -sys-header-deps -canonical-system-headers -D EMSCRIPTEN -isysroot /emsdk/upstream/emscripten/cache/sysroot -internal-isystem /emsdk/upstream/lib/clang/17/include -internal-isystem /emsdk/upstream/emscripten/cache/sysroot/include/wasm32-emscripten -internal-isystem /emsdk/upstream/emscripten/cache/sysroot/include -Werror=implicit-function-declaration -fdebug-compilation-dir=/__w/emsdk-test/emsdk-test/build/CMakeFiles/CMakeTmp -ferror-limit 19 -fvisibility=default -fgnuc-version=4.2.1 -fignore-exceptions -iwithsysroot/include/fakesdl -iwithsysroot/include/compat -mllvm -combiner-global-alias-analysis=false -mllvm -enable-emscripten-sjlj -mllvm -disable-lsr -o CMakeFiles/cmTC_a5ef6.dir/CMakeCCompilerABI.c.o -x c /usr/share/cmake-3.22/Modules/CMakeCCompilerABI.c
clang -cc1 version 17.0.0 based upon LLVM 17.0.0git default target x86_64-unknown-linux-gnu
ignoring nonexistent directory "/emsdk/upstream/emscripten/cache/sysroot/include/wasm32-emscripten"
#include "..." search starts here:
#include <...> search starts here:
 /emsdk/upstream/emscripten/cache/sysroot/include/fakesdl
 /emsdk/upstream/emscripten/cache/sysroot/include/compat
 /emsdk/upstream/lib/clang/17/include
 /emsdk/upstream/emscripten/cache/sysroot/include
End of search list.
Linking C executable cmTC_a5ef6
/usr/bin/cmake -E cmake_link_script CMakeFiles/cmTC_a5ef6.dir/link.txt --verbose=1
/emsdk/upstream/emscripten/emcc  -v CMakeFiles/cmTC_a5ef6.dir/CMakeCCompilerABI.c.o -o cmTC_a5ef6 
 "/emsdk/upstream/bin/clang" --version
 "/emsdk/upstream/bin/wasm-ld" -o cmTC_a5ef6.wasm CMakeFiles/cmTC_a5ef6.dir/CMakeCCompilerABI.c.o -L/emsdk/upstream/emscripten/cache/sysroot/lib/wasm32-emscripten -lGL -lal -lhtml5 -lstubs-debug -lnoexit -lc-debug -ldlmalloc -lcompiler_rt -lc++-noexcept -lc++abi-debug-noexcept -lsockets -mllvm -combiner-global-alias-analysis=false -mllvm -enable-emscripten-sjlj -mllvm -disable-lsr /tmp/tmpppvrhip1libemscripten_js_symbols.so --strip-debug --export-if-defined=main --export-if-defined=__start_em_asm --export-if-defined=__stop_em_asm --export-if-defined=__start_em_lib_deps --export-if-defined=__stop_em_lib_deps --export-if-defined=__start_em_js --export-if-defined=__stop_em_js --export-if-defined=__main_argc_argv --export-if-defined=fflush --export=emscripten_stack_get_end --export=emscripten_stack_get_free --export=emscripten_stack_get_base --export=emscripten_stack_get_current --export=emscripten_stack_init --export=stackSave --export=stackRestore --export=stackAlloc --export=__errno_location --export=__get_temp_ret --export=__set_temp_ret --export=__wasm_call_ctors --export-table -z stack-size=65536 --initial-memory=16777216 --no-entry --max-memory=16777216 --stack-first
 "/emsdk/upstream/bin/wasm-emscripten-finalize" --dyncalls-i64 --pass-arg=legalize-js-interface-exported-helpers cmTC_a5ef6.wasm -o cmTC_a5ef6.wasm --detect-features
 "/emsdk/node/16.20.0_64bit/bin/node" /emsdk/upstream/emscripten/src/compiler.js /tmp/tmpc2kljr9v.json
 "/emsdk/upstream/bin/llvm-objcopy" cmTC_a5ef6.wasm cmTC_a5ef6.wasm --remove-section=.debug* --remove-section=producers
gmake[1]: Leaving directory '/__w/emsdk-test/emsdk-test/build/CMakeFiles/CMakeTmp'



Parsed C implicit include dir info from above output: rv=done
  found start of include info
  found start of implicit include info
    add: [/emsdk/upstream/emscripten/cache/sysroot/include/fakesdl]
    add: [/emsdk/upstream/emscripten/cache/sysroot/include/compat]
    add: [/emsdk/upstream/lib/clang/17/include]
    add: [/emsdk/upstream/emscripten/cache/sysroot/include]
  end of search list found
  collapse include dir [/emsdk/upstream/emscripten/cache/sysroot/include/fakesdl] ==> [/emsdk/upstream/emscripten/cache/sysroot/include/fakesdl]
  collapse include dir [/emsdk/upstream/emscripten/cache/sysroot/include/compat] ==> [/emsdk/upstream/emscripten/cache/sysroot/include/compat]
  collapse include dir [/emsdk/upstream/lib/clang/17/include] ==> [/emsdk/upstream/lib/clang/17/include]
  collapse include dir [/emsdk/upstream/emscripten/cache/sysroot/include] ==> [/emsdk/upstream/emscripten/cache/sysroot/include]
  implicit include dirs: [/emsdk/upstream/emscripten/cache/sysroot/include/fakesdl;/emsdk/upstream/emscripten/cache/sysroot/include/compat;/emsdk/upstream/lib/clang/17/include;/emsdk/upstream/emscripten/cache/sysroot/include]


Parsed C implicit link information from above output:
  link line regex: [^( *|.*[/\])(ld|CMAKE_LINK_STARTFILE-NOTFOUND|([^/\]+-)?ld|collect2)[^/\]*( |$)]
  ignore line: [Change Dir: /__w/emsdk-test/emsdk-test/build/CMakeFiles/CMakeTmp]
  ignore line: []
  ignore line: [Run Build Command(s):/usr/bin/gmake -f Makefile cmTC_a5ef6/fast && /usr/bin/gmake  -f CMakeFiles/cmTC_a5ef6.dir/build.make CMakeFiles/cmTC_a5ef6.dir/build]
  ignore line: [gmake[1]: Entering directory '/__w/emsdk-test/emsdk-test/build/CMakeFiles/CMakeTmp']
  ignore line: [Building C object CMakeFiles/cmTC_a5ef6.dir/CMakeCCompilerABI.c.o]
  ignore line: [/emsdk/upstream/emscripten/emcc   -v -MD -MT CMakeFiles/cmTC_a5ef6.dir/CMakeCCompilerABI.c.o -MF CMakeFiles/cmTC_a5ef6.dir/CMakeCCompilerABI.c.o.d -o CMakeFiles/cmTC_a5ef6.dir/CMakeCCompilerABI.c.o -c /usr/share/cmake-3.22/Modules/CMakeCCompilerABI.c]
  ignore line: [ "/emsdk/upstream/bin/clang" --version]
  ignore line: [ "/emsdk/upstream/bin/clang" -target wasm32-unknown-emscripten -fignore-exceptions -fvisibility=default -mllvm -combiner-global-alias-analysis=false -mllvm -enable-emscripten-sjlj -mllvm -disable-lsr -DEMSCRIPTEN -Werror=implicit-function-declaration --sysroot=/emsdk/upstream/emscripten/cache/sysroot -Xclang -iwithsysroot/include/fakesdl -Xclang -iwithsysroot/include/compat -v -MD -MT CMakeFiles/cmTC_a5ef6.dir/CMakeCCompilerABI.c.o -MF CMakeFiles/cmTC_a5ef6.dir/CMakeCCompilerABI.c.o.d -c /usr/share/cmake-3.22/Modules/CMakeCCompilerABI.c -o CMakeFiles/cmTC_a5ef6.dir/CMakeCCompilerABI.c.o]
  ignore line: [clang version 17.0.0 (https://github.com/llvm/llvm-project f3b64887de61020c09404bfee97b2fadd30df10a)]
  ignore line: [Target: wasm32-unknown-emscripten]
  ignore line: [Thread model: posix]
  ignore line: [InstalledDir: /emsdk/upstream/bin]
  ignore line: [ (in-process)]
  ignore line: [ "/emsdk/upstream/bin/clang-17" -cc1 -triple wasm32-unknown-emscripten -emit-obj -mrelax-all -disable-free -clear-ast-before-backend -disable-llvm-verifier -discard-value-names -main-file-name CMakeCCompilerABI.c -mrelocation-model static -mframe-pointer=none -ffp-contract=on -fno-rounding-math -mconstructor-aliases -target-cpu generic -debugger-tuning=gdb -v -fcoverage-compilation-dir=/__w/emsdk-test/emsdk-test/build/CMakeFiles/CMakeTmp -resource-dir /emsdk/upstream/lib/clang/17 -dependency-file CMakeFiles/cmTC_a5ef6.dir/CMakeCCompilerABI.c.o.d -MT CMakeFiles/cmTC_a5ef6.dir/CMakeCCompilerABI.c.o -sys-header-deps -canonical-system-headers -D EMSCRIPTEN -isysroot /emsdk/upstream/emscripten/cache/sysroot -internal-isystem /emsdk/upstream/lib/clang/17/include -internal-isystem /emsdk/upstream/emscripten/cache/sysroot/include/wasm32-emscripten -internal-isystem /emsdk/upstream/emscripten/cache/sysroot/include -Werror=implicit-function-declaration -fdebug-compilation-dir=/__w/emsdk-test/emsdk-test/build/CMakeFiles/CMakeTmp -ferror-limit 19 -fvisibility=default -fgnuc-version=4.2.1 -fignore-exceptions -iwithsysroot/include/fakesdl -iwithsysroot/include/compat -mllvm -combiner-global-alias-analysis=false -mllvm -enable-emscripten-sjlj -mllvm -disable-lsr -o CMakeFiles/cmTC_a5ef6.dir/CMakeCCompilerABI.c.o -x c /usr/share/cmake-3.22/Modules/CMakeCCompilerABI.c]
  ignore line: [clang -cc1 version 17.0.0 based upon LLVM 17.0.0git default target x86_64-unknown-linux-gnu]
  ignore line: [ignoring nonexistent directory "/emsdk/upstream/emscripten/cache/sysroot/include/wasm32-emscripten"]
  ignore line: [#include "..." search starts here:]
  ignore line: [#include <...> search starts here:]
  ignore line: [ /emsdk/upstream/emscripten/cache/sysroot/include/fakesdl]
  ignore line: [ /emsdk/upstream/emscripten/cache/sysroot/include/compat]
  ignore line: [ /emsdk/upstream/lib/clang/17/include]
  ignore line: [ /emsdk/upstream/emscripten/cache/sysroot/include]
  ignore line: [End of search list.]
  ignore line: [Linking C executable cmTC_a5ef6]
  ignore line: [/usr/bin/cmake -E cmake_link_script CMakeFiles/cmTC_a5ef6.dir/link.txt --verbose=1]
  ignore line: [/emsdk/upstream/emscripten/emcc  -v CMakeFiles/cmTC_a5ef6.dir/CMakeCCompilerABI.c.o -o cmTC_a5ef6 ]
  ignore line: [ "/emsdk/upstream/bin/clang" --version]
  link line: [ "/emsdk/upstream/bin/wasm-ld" -o cmTC_a5ef6.wasm CMakeFiles/cmTC_a5ef6.dir/CMakeCCompilerABI.c.o -L/emsdk/upstream/emscripten/cache/sysroot/lib/wasm32-emscripten -lGL -lal -lhtml5 -lstubs-debug -lnoexit -lc-debug -ldlmalloc -lcompiler_rt -lc++-noexcept -lc++abi-debug-noexcept -lsockets -mllvm -combiner-global-alias-analysis=false -mllvm -enable-emscripten-sjlj -mllvm -disable-lsr /tmp/tmpppvrhip1libemscripten_js_symbols.so --strip-debug --export-if-defined=main --export-if-defined=__start_em_asm --export-if-defined=__stop_em_asm --export-if-defined=__start_em_lib_deps --export-if-defined=__stop_em_lib_deps --export-if-defined=__start_em_js --export-if-defined=__stop_em_js --export-if-defined=__main_argc_argv --export-if-defined=fflush --export=emscripten_stack_get_end --export=emscripten_stack_get_free --export=emscripten_stack_get_base --export=emscripten_stack_get_current --export=emscripten_stack_init --export=stackSave --export=stackRestore --export=stackAlloc --export=__errno_location --export=__get_temp_ret --export=__set_temp_ret --export=__wasm_call_ctors --export-table -z stack-size=65536 --initial-memory=16777216 --no-entry --max-memory=16777216 --stack-first]
    arg [/emsdk/upstream/bin/wasm-ld] ==> ignore
    arg [-o] ==> ignore
    arg [cmTC_a5ef6.wasm] ==> ignore
    arg [CMakeFiles/cmTC_a5ef6.dir/CMakeCCompilerABI.c.o] ==> ignore
    arg [-L/emsdk/upstream/emscripten/cache/sysroot/lib/wasm32-emscripten] ==> dir [/emsdk/upstream/emscripten/cache/sysroot/lib/wasm32-emscripten]
    arg [-lGL] ==> lib [GL]
    arg [-lal] ==> lib [al]
    arg [-lhtml5] ==> lib [html5]
    arg [-lstubs-debug] ==> lib [stubs-debug]
    arg [-lnoexit] ==> lib [noexit]
    arg [-lc-debug] ==> lib [c-debug]
    arg [-ldlmalloc] ==> lib [dlmalloc]
    arg [-lcompiler_rt] ==> lib [compiler_rt]
    arg [-lc++-noexcept] ==> lib [c++-noexcept]
    arg [-lc++abi-debug-noexcept] ==> lib [c++abi-debug-noexcept]
    arg [-lsockets] ==> lib [sockets]
    arg [-mllvm] ==> ignore
    arg [-combiner-global-alias-analysis=false] ==> ignore
    arg [-mllvm] ==> ignore
    arg [-enable-emscripten-sjlj] ==> ignore
    arg [-mllvm] ==> ignore
    arg [-disable-lsr] ==> ignore
    arg [/tmp/tmpppvrhip1libemscripten_js_symbols.so] ==> ignore
    arg [--strip-debug] ==> ignore
    arg [--export-if-defined=main] ==> ignore
    arg [--export-if-defined=__start_em_asm] ==> ignore
    arg [--export-if-defined=__stop_em_asm] ==> ignore
    arg [--export-if-defined=__start_em_lib_deps] ==> ignore
    arg [--export-if-defined=__stop_em_lib_deps] ==> ignore
    arg [--export-if-defined=__start_em_js] ==> ignore
    arg [--export-if-defined=__stop_em_js] ==> ignore
    arg [--export-if-defined=__main_argc_argv] ==> ignore
    arg [--export-if-defined=fflush] ==> ignore
    arg [--export=emscripten_stack_get_end] ==> ignore
    arg [--export=emscripten_stack_get_free] ==> ignore
    arg [--export=emscripten_stack_get_base] ==> ignore
    arg [--export=emscripten_stack_get_current] ==> ignore
    arg [--export=emscripten_stack_init] ==> ignore
    arg [--export=stackSave] ==> ignore
    arg [--export=stackRestore] ==> ignore
    arg [--export=stackAlloc] ==> ignore
    arg [--export=__errno_location] ==> ignore
    arg [--export=__get_temp_ret] ==> ignore
    arg [--export=__set_temp_ret] ==> ignore
    arg [--export=__wasm_call_ctors] ==> ignore
    arg [--export-table] ==> ignore
    arg [-zstack-size=65536] ==> ignore
    arg [--initial-memory=16777216] ==> ignore
    arg [--no-entry] ==> ignore
    arg [--max-memory=16777216] ==> ignore
    arg [--stack-first] ==> ignore
  collapse library dir [/emsdk/upstream/emscripten/cache/sysroot/lib/wasm32-emscripten] ==> [/emsdk/upstream/emscripten/cache/sysroot/lib/wasm32-emscripten]
  implicit libs: [GL;al;html5;stubs-debug;noexit;c-debug;dlmalloc;compiler_rt;c++-noexcept;c++abi-debug-noexcept;sockets]
  implicit objs: []
  implicit dirs: [/emsdk/upstream/emscripten/cache/sysroot/lib/wasm32-emscripten]
  implicit fwks: []


Detecting CXX compiler ABI info compiled with the following output:
Change Dir: /__w/emsdk-test/emsdk-test/build/CMakeFiles/CMakeTmp

Run Build Command(s):/usr/bin/gmake -f Makefile cmTC_6476f/fast && /usr/bin/gmake  -f CMakeFiles/cmTC_6476f.dir/build.make CMakeFiles/cmTC_6476f.dir/build
gmake[1]: Entering directory '/__w/emsdk-test/emsdk-test/build/CMakeFiles/CMakeTmp'
Building CXX object CMakeFiles/cmTC_6476f.dir/CMakeCXXCompilerABI.cpp.o
/emsdk/upstream/emscripten/emcc   -v -MD -MT CMakeFiles/cmTC_6476f.dir/CMakeCXXCompilerABI.cpp.o -MF CMakeFiles/cmTC_6476f.dir/CMakeCXXCompilerABI.cpp.o.d -o CMakeFiles/cmTC_6476f.dir/CMakeCXXCompilerABI.cpp.o -c /usr/share/cmake-3.22/Modules/CMakeCXXCompilerABI.cpp
 "/emsdk/upstream/bin/clang" --version
 "/emsdk/upstream/bin/clang++" -target wasm32-unknown-emscripten -fignore-exceptions -fvisibility=default -mllvm -combiner-global-alias-analysis=false -mllvm -enable-emscripten-sjlj -mllvm -disable-lsr -DEMSCRIPTEN --sysroot=/emsdk/upstream/emscripten/cache/sysroot -Xclang -iwithsysroot/include/fakesdl -Xclang -iwithsysroot/include/compat -v -MD -MT CMakeFiles/cmTC_6476f.dir/CMakeCXXCompilerABI.cpp.o -MF CMakeFiles/cmTC_6476f.dir/CMakeCXXCompilerABI.cpp.o.d -c /usr/share/cmake-3.22/Modules/CMakeCXXCompilerABI.cpp -o CMakeFiles/cmTC_6476f.dir/CMakeCXXCompilerABI.cpp.o
clang version 17.0.0 (https://github.com/llvm/llvm-project f3b64887de61020c09404bfee97b2fadd30df10a)
Target: wasm32-unknown-emscripten
Thread model: posix
InstalledDir: /emsdk/upstream/bin
 (in-process)
 "/emsdk/upstream/bin/clang-17" -cc1 -triple wasm32-unknown-emscripten -emit-obj -mrelax-all -disable-free -clear-ast-before-backend -disable-llvm-verifier -discard-value-names -main-file-name CMakeCXXCompilerABI.cpp -mrelocation-model static -mframe-pointer=none -ffp-contract=on -fno-rounding-math -mconstructor-aliases -target-cpu generic -debugger-tuning=gdb -v -fcoverage-compilation-dir=/__w/emsdk-test/emsdk-test/build/CMakeFiles/CMakeTmp -resource-dir /emsdk/upstream/lib/clang/17 -dependency-file CMakeFiles/cmTC_6476f.dir/CMakeCXXCompilerABI.cpp.o.d -MT CMakeFiles/cmTC_6476f.dir/CMakeCXXCompilerABI.cpp.o -sys-header-deps -canonical-system-headers -D EMSCRIPTEN -isysroot /emsdk/upstream/emscripten/cache/sysroot -internal-isystem /emsdk/upstream/emscripten/cache/sysroot/include/wasm32-emscripten/c++/v1 -internal-isystem /emsdk/upstream/emscripten/cache/sysroot/include/c++/v1 -internal-isystem /emsdk/upstream/lib/clang/17/include -internal-isystem /emsdk/upstream/emscripten/cache/sysroot/include/wasm32-emscripten -internal-isystem /emsdk/upstream/emscripten/cache/sysroot/include -fdeprecated-macro -fdebug-compilation-dir=/__w/emsdk-test/emsdk-test/build/CMakeFiles/CMakeTmp -ferror-limit 19 -fvisibility=default -fgnuc-version=4.2.1 -fcxx-exceptions -fignore-exceptions -fexceptions -iwithsysroot/include/fakesdl -iwithsysroot/include/compat -mllvm -combiner-global-alias-analysis=false -mllvm -enable-emscripten-sjlj -mllvm -disable-lsr -o CMakeFiles/cmTC_6476f.dir/CMakeCXXCompilerABI.cpp.o -x c++ /usr/share/cmake-3.22/Modules/CMakeCXXCompilerABI.cpp
clang -cc1 version 17.0.0 based upon LLVM 17.0.0git default target x86_64-unknown-linux-gnu
ignoring nonexistent directory "/emsdk/upstream/emscripten/cache/sysroot/include/wasm32-emscripten/c++/v1"
ignoring nonexistent directory "/emsdk/upstream/emscripten/cache/sysroot/include/wasm32-emscripten"
#include "..." search starts here:
#include <...> search starts here:
 /emsdk/upstream/emscripten/cache/sysroot/include/fakesdl
 /emsdk/upstream/emscripten/cache/sysroot/include/compat
 /emsdk/upstream/emscripten/cache/sysroot/include/c++/v1
 /emsdk/upstream/lib/clang/17/include
 /emsdk/upstream/emscripten/cache/sysroot/include
End of search list.
Linking CXX executable cmTC_6476f
/usr/bin/cmake -E cmake_link_script CMakeFiles/cmTC_6476f.dir/link.txt --verbose=1
/emsdk/upstream/emscripten/emcc  -v CMakeFiles/cmTC_6476f.dir/CMakeCXXCompilerABI.cpp.o -o cmTC_6476f 
 "/emsdk/upstream/bin/clang" --version
 "/emsdk/upstream/bin/wasm-ld" -o cmTC_6476f.wasm CMakeFiles/cmTC_6476f.dir/CMakeCXXCompilerABI.cpp.o -L/emsdk/upstream/emscripten/cache/sysroot/lib/wasm32-emscripten -lGL -lal -lhtml5 -lstubs-debug -lnoexit -lc-debug -ldlmalloc -lcompiler_rt -lc++-noexcept -lc++abi-debug-noexcept -lsockets -mllvm -combiner-global-alias-analysis=false -mllvm -enable-emscripten-sjlj -mllvm -disable-lsr /tmp/tmpqw58yuwtlibemscripten_js_symbols.so --strip-debug --export-if-defined=main --export-if-defined=__start_em_asm --export-if-defined=__stop_em_asm --export-if-defined=__start_em_lib_deps --export-if-defined=__stop_em_lib_deps --export-if-defined=__start_em_js --export-if-defined=__stop_em_js --export-if-defined=__main_argc_argv --export-if-defined=fflush --export=emscripten_stack_get_end --export=emscripten_stack_get_free --export=emscripten_stack_get_base --export=emscripten_stack_get_current --export=emscripten_stack_init --export=stackSave --export=stackRestore --export=stackAlloc --export=__errno_location --export=__get_temp_ret --export=__set_temp_ret --export=__wasm_call_ctors --export-table -z stack-size=65536 --initial-memory=16777216 --no-entry --max-memory=16777216 --stack-first
 "/emsdk/upstream/bin/wasm-emscripten-finalize" --dyncalls-i64 --pass-arg=legalize-js-interface-exported-helpers cmTC_6476f.wasm -o cmTC_6476f.wasm --detect-features
 "/emsdk/node/16.20.0_64bit/bin/node" /emsdk/upstream/emscripten/src/compiler.js /tmp/tmpa5xmjpfs.json
 "/emsdk/upstream/bin/llvm-objcopy" cmTC_6476f.wasm cmTC_6476f.wasm --remove-section=.debug* --remove-section=producers
gmake[1]: Leaving directory '/__w/emsdk-test/emsdk-test/build/CMakeFiles/CMakeTmp'



Parsed CXX implicit include dir info from above output: rv=done
  found start of include info
  found start of implicit include info
    add: [/emsdk/upstream/emscripten/cache/sysroot/include/fakesdl]
    add: [/emsdk/upstream/emscripten/cache/sysroot/include/compat]
    add: [/emsdk/upstream/emscripten/cache/sysroot/include/c++/v1]
    add: [/emsdk/upstream/lib/clang/17/include]
    add: [/emsdk/upstream/emscripten/cache/sysroot/include]
  end of search list found
  collapse include dir [/emsdk/upstream/emscripten/cache/sysroot/include/fakesdl] ==> [/emsdk/upstream/emscripten/cache/sysroot/include/fakesdl]
  collapse include dir [/emsdk/upstream/emscripten/cache/sysroot/include/compat] ==> [/emsdk/upstream/emscripten/cache/sysroot/include/compat]
  collapse include dir [/emsdk/upstream/emscripten/cache/sysroot/include/c++/v1] ==> [/emsdk/upstream/emscripten/cache/sysroot/include/c++/v1]
  collapse include dir [/emsdk/upstream/lib/clang/17/include] ==> [/emsdk/upstream/lib/clang/17/include]
  collapse include dir [/emsdk/upstream/emscripten/cache/sysroot/include] ==> [/emsdk/upstream/emscripten/cache/sysroot/include]
  implicit include dirs: [/emsdk/upstream/emscripten/cache/sysroot/include/fakesdl;/emsdk/upstream/emscripten/cache/sysroot/include/compat;/emsdk/upstream/emscripten/cache/sysroot/include/c++/v1;/emsdk/upstream/lib/clang/17/include;/emsdk/upstream/emscripten/cache/sysroot/include]


Parsed CXX implicit link information from above output:
  link line regex: [^( *|.*[/\])(ld|CMAKE_LINK_STARTFILE-NOTFOUND|([^/\]+-)?ld|collect2)[^/\]*( |$)]
  ignore line: [Change Dir: /__w/emsdk-test/emsdk-test/build/CMakeFiles/CMakeTmp]
  ignore line: []
  ignore line: [Run Build Command(s):/usr/bin/gmake -f Makefile cmTC_6476f/fast && /usr/bin/gmake  -f CMakeFiles/cmTC_6476f.dir/build.make CMakeFiles/cmTC_6476f.dir/build]
  ignore line: [gmake[1]: Entering directory '/__w/emsdk-test/emsdk-test/build/CMakeFiles/CMakeTmp']
  ignore line: [Building CXX object CMakeFiles/cmTC_6476f.dir/CMakeCXXCompilerABI.cpp.o]
  ignore line: [/emsdk/upstream/emscripten/emcc   -v -MD -MT CMakeFiles/cmTC_6476f.dir/CMakeCXXCompilerABI.cpp.o -MF CMakeFiles/cmTC_6476f.dir/CMakeCXXCompilerABI.cpp.o.d -o CMakeFiles/cmTC_6476f.dir/CMakeCXXCompilerABI.cpp.o -c /usr/share/cmake-3.22/Modules/CMakeCXXCompilerABI.cpp]
  ignore line: [ "/emsdk/upstream/bin/clang" --version]
  ignore line: [ "/emsdk/upstream/bin/clang++" -target wasm32-unknown-emscripten -fignore-exceptions -fvisibility=default -mllvm -combiner-global-alias-analysis=false -mllvm -enable-emscripten-sjlj -mllvm -disable-lsr -DEMSCRIPTEN --sysroot=/emsdk/upstream/emscripten/cache/sysroot -Xclang -iwithsysroot/include/fakesdl -Xclang -iwithsysroot/include/compat -v -MD -MT CMakeFiles/cmTC_6476f.dir/CMakeCXXCompilerABI.cpp.o -MF CMakeFiles/cmTC_6476f.dir/CMakeCXXCompilerABI.cpp.o.d -c /usr/share/cmake-3.22/Modules/CMakeCXXCompilerABI.cpp -o CMakeFiles/cmTC_6476f.dir/CMakeCXXCompilerABI.cpp.o]
  ignore line: [clang version 17.0.0 (https://github.com/llvm/llvm-project f3b64887de61020c09404bfee97b2fadd30df10a)]
  ignore line: [Target: wasm32-unknown-emscripten]
  ignore line: [Thread model: posix]
  ignore line: [InstalledDir: /emsdk/upstream/bin]
  ignore line: [ (in-process)]
  ignore line: [ "/emsdk/upstream/bin/clang-17" -cc1 -triple wasm32-unknown-emscripten -emit-obj -mrelax-all -disable-free -clear-ast-before-backend -disable-llvm-verifier -discard-value-names -main-file-name CMakeCXXCompilerABI.cpp -mrelocation-model static -mframe-pointer=none -ffp-contract=on -fno-rounding-math -mconstructor-aliases -target-cpu generic -debugger-tuning=gdb -v -fcoverage-compilation-dir=/__w/emsdk-test/emsdk-test/build/CMakeFiles/CMakeTmp -resource-dir /emsdk/upstream/lib/clang/17 -dependency-file CMakeFiles/cmTC_6476f.dir/CMakeCXXCompilerABI.cpp.o.d -MT CMakeFiles/cmTC_6476f.dir/CMakeCXXCompilerABI.cpp.o -sys-header-deps -canonical-system-headers -D EMSCRIPTEN -isysroot /emsdk/upstream/emscripten/cache/sysroot -internal-isystem /emsdk/upstream/emscripten/cache/sysroot/include/wasm32-emscripten/c++/v1 -internal-isystem /emsdk/upstream/emscripten/cache/sysroot/include/c++/v1 -internal-isystem /emsdk/upstream/lib/clang/17/include -internal-isystem /emsdk/upstream/emscripten/cache/sysroot/include/wasm32-emscripten -internal-isystem /emsdk/upstream/emscripten/cache/sysroot/include -fdeprecated-macro -fdebug-compilation-dir=/__w/emsdk-test/emsdk-test/build/CMakeFiles/CMakeTmp -ferror-limit 19 -fvisibility=default -fgnuc-version=4.2.1 -fcxx-exceptions -fignore-exceptions -fexceptions -iwithsysroot/include/fakesdl -iwithsysroot/include/compat -mllvm -combiner-global-alias-analysis=false -mllvm -enable-emscripten-sjlj -mllvm -disable-lsr -o CMakeFiles/cmTC_6476f.dir/CMakeCXXCompilerABI.cpp.o -x c++ /usr/share/cmake-3.22/Modules/CMakeCXXCompilerABI.cpp]
  ignore line: [clang -cc1 version 17.0.0 based upon LLVM 17.0.0git default target x86_64-unknown-linux-gnu]
  ignore line: [ignoring nonexistent directory "/emsdk/upstream/emscripten/cache/sysroot/include/wasm32-emscripten/c++/v1"]
  ignore line: [ignoring nonexistent directory "/emsdk/upstream/emscripten/cache/sysroot/include/wasm32-emscripten"]
  ignore line: [#include "..." search starts here:]
  ignore line: [#include <...> search starts here:]
  ignore line: [ /emsdk/upstream/emscripten/cache/sysroot/include/fakesdl]
  ignore line: [ /emsdk/upstream/emscripten/cache/sysroot/include/compat]
  ignore line: [ /emsdk/upstream/emscripten/cache/sysroot/include/c++/v1]
  ignore line: [ /emsdk/upstream/lib/clang/17/include]
  ignore line: [ /emsdk/upstream/emscripten/cache/sysroot/include]
  ignore line: [End of search list.]
  ignore line: [Linking CXX executable cmTC_6476f]
  ignore line: [/usr/bin/cmake -E cmake_link_script CMakeFiles/cmTC_6476f.dir/link.txt --verbose=1]
  ignore line: [/emsdk/upstream/emscripten/emcc  -v CMakeFiles/cmTC_6476f.dir/CMakeCXXCompilerABI.cpp.o -o cmTC_6476f ]
  ignore line: [ "/emsdk/upstream/bin/clang" --version]
  link line: [ "/emsdk/upstream/bin/wasm-ld" -o cmTC_6476f.wasm CMakeFiles/cmTC_6476f.dir/CMakeCXXCompilerABI.cpp.o -L/emsdk/upstream/emscripten/cache/sysroot/lib/wasm32-emscripten -lGL -lal -lhtml5 -lstubs-debug -lnoexit -lc-debug -ldlmalloc -lcompiler_rt -lc++-noexcept -lc++abi-debug-noexcept -lsockets -mllvm -combiner-global-alias-analysis=false -mllvm -enable-emscripten-sjlj -mllvm -disable-lsr /tmp/tmpqw58yuwtlibemscripten_js_symbols.so --strip-debug --export-if-defined=main --export-if-defined=__start_em_asm --export-if-defined=__stop_em_asm --export-if-defined=__start_em_lib_deps --export-if-defined=__stop_em_lib_deps --export-if-defined=__start_em_js --export-if-defined=__stop_em_js --export-if-defined=__main_argc_argv --export-if-defined=fflush --export=emscripten_stack_get_end --export=emscripten_stack_get_free --export=emscripten_stack_get_base --export=emscripten_stack_get_current --export=emscripten_stack_init --export=stackSave --export=stackRestore --export=stackAlloc --export=__errno_location --export=__get_temp_ret --export=__set_temp_ret --export=__wasm_call_ctors --export-table -z stack-size=65536 --initial-memory=16777216 --no-entry --max-memory=16777216 --stack-first]
    arg [/emsdk/upstream/bin/wasm-ld] ==> ignore
    arg [-o] ==> ignore
    arg [cmTC_6476f.wasm] ==> ignore
    arg [CMakeFiles/cmTC_6476f.dir/CMakeCXXCompilerABI.cpp.o] ==> ignore
    arg [-L/emsdk/upstream/emscripten/cache/sysroot/lib/wasm32-emscripten] ==> dir [/emsdk/upstream/emscripten/cache/sysroot/lib/wasm32-emscripten]
    arg [-lGL] ==> lib [GL]
    arg [-lal] ==> lib [al]
    arg [-lhtml5] ==> lib [html5]
    arg [-lstubs-debug] ==> lib [stubs-debug]
    arg [-lnoexit] ==> lib [noexit]
    arg [-lc-debug] ==> lib [c-debug]
    arg [-ldlmalloc] ==> lib [dlmalloc]
    arg [-lcompiler_rt] ==> lib [compiler_rt]
    arg [-lc++-noexcept] ==> lib [c++-noexcept]
    arg [-lc++abi-debug-noexcept] ==> lib [c++abi-debug-noexcept]
    arg [-lsockets] ==> lib [sockets]
    arg [-mllvm] ==> ignore
    arg [-combiner-global-alias-analysis=false] ==> ignore
    arg [-mllvm] ==> ignore
    arg [-enable-emscripten-sjlj] ==> ignore
    arg [-mllvm] ==> ignore
    arg [-disable-lsr] ==> ignore
    arg [/tmp/tmpqw58yuwtlibemscripten_js_symbols.so] ==> ignore
    arg [--strip-debug] ==> ignore
    arg [--export-if-defined=main] ==> ignore
    arg [--export-if-defined=__start_em_asm] ==> ignore
    arg [--export-if-defined=__stop_em_asm] ==> ignore
    arg [--export-if-defined=__start_em_lib_deps] ==> ignore
    arg [--export-if-defined=__stop_em_lib_deps] ==> ignore
    arg [--export-if-defined=__start_em_js] ==> ignore
    arg [--export-if-defined=__stop_em_js] ==> ignore
    arg [--export-if-defined=__main_argc_argv] ==> ignore
    arg [--export-if-defined=fflush] ==> ignore
    arg [--export=emscripten_stack_get_end] ==> ignore
    arg [--export=emscripten_stack_get_free] ==> ignore
    arg [--export=emscripten_stack_get_base] ==> ignore
    arg [--export=emscripten_stack_get_current] ==> ignore
    arg [--export=emscripten_stack_init] ==> ignore
    arg [--export=stackSave] ==> ignore
    arg [--export=stackRestore] ==> ignore
    arg [--export=stackAlloc] ==> ignore
    arg [--export=__errno_location] ==> ignore
    arg [--export=__get_temp_ret] ==> ignore
    arg [--export=__set_temp_ret] ==> ignore
    arg [--export=__wasm_call_ctors] ==> ignore
    arg [--export-table] ==> ignore
    arg [-zstack-size=65536] ==> ignore
    arg [--initial-memory=16777216] ==> ignore
    arg [--no-entry] ==> ignore
    arg [--max-memory=16777216] ==> ignore
    arg [--stack-first] ==> ignore
  collapse library dir [/emsdk/upstream/emscripten/cache/sysroot/lib/wasm32-emscripten] ==> [/emsdk/upstream/emscripten/cache/sysroot/lib/wasm32-emscripten]
  implicit libs: [GL;al;html5;stubs-debug;noexit;c-debug;dlmalloc;compiler_rt;c++-noexcept;c++abi-debug-noexcept;sockets]
  implicit objs: []
  implicit dirs: [/emsdk/upstream/emscripten/cache/sysroot/lib/wasm32-emscripten]
  implicit fwks: []


